[17:33:32] alt:V Server 2.11 (release)
[17:33:32] Starting alt:V Server on 0.0.0.0:7788
[17:33:32] Loading resource freeroam
[17:33:32] Loaded resource freeroam
[17:33:32] Loading resource chat
[17:33:32] Loaded resource chat
[17:33:32] Loading resource myresources
[17:33:34] Loaded resource myresources
[17:33:34] Loading resource datenbank
[17:33:35] Loaded resource datenbank
[17:33:35] Required server permissions:
[17:33:35] Optional server permissions:
[17:33:35] Starting HTTP server on 0.0.0.0:7788
[17:33:35] Main thread started (ThreadId: 17872)
[17:33:35] Colshape thread started (ThreadId: 9516)
[17:33:35] EntityStreamer thread started (ThreadId: 14612)
[17:33:35] Network thread started (ThreadId: 6396)
[17:33:35] Console thread started (ThreadId: 8780)
[17:33:35] Server started
[17:33:38][Warning] Event handler at myresources:file:///D:/Programmieren/altv-server/resources/myresources/server/command/commandFunction.mjs:40 was too long 9ms
